<?xml version="1.0" encoding="UTF-8"?>
<!-- Generated by org.testng.reporters.JUnitReportReporter -->
<testsuite hostname="CORTOPSAL301MHC" failures="0" tests="1" name="camptestcases.CancelOnCreateAgrmnt" time="7.816" errors="0" timestamp="2021-04-01T21:31:21 CDT" skipped="0">
  <testcase classname="camptestcases.CancelOnCreateAgrmnt" name="test1" time="7.816"/>
  <system-out/>
</testsuite> <!-- camptestcases.CancelOnCreateAgrmnt -->
