<?xml version="1.0" encoding="UTF-8"?>
<!-- Generated by org.testng.reporters.JUnitReportReporter -->
<testsuite skipped="0" hostname="CORTSPBAL432FFY" name="camptestcases.Day1Test" tests="1" failures="0" timestamp="21 Jan 2021 03:51:31 GMT" time="6.147" errors="0">
  <testcase name="testEasy" time="6.147" classname="camptestcases.Day1Test"/>
</testsuite> <!-- camptestcases.Day1Test -->
