<?xml version="1.0" encoding="UTF-8"?>
<!-- Generated by org.testng.reporters.JUnitReportReporter -->
<testsuite hostname="CORTOPSAL301MHC" failures="0" tests="1" name="camptestcases.FirstScript" time="9.336" errors="0" timestamp="2021-04-05T21:29:28 CDT" skipped="0">
  <testcase classname="camptestcases.FirstScript" name="test1" time="9.336"/>
  <system-out/>
</testsuite> <!-- camptestcases.FirstScript -->
